<?xml version="1.0" encoding="UTF-8"?>
<testng-results skipped="0" failed="1" total="2" passed="1">
  <reporter-output>
  </reporter-output>
  <suite name="Custom suite" duration-ms="6128" started-at="2017-05-09T19:48:01Z" finished-at="2017-05-09T19:48:07Z">
    <groups>
      <group name="SmokeTest">
        <method signature="Authentication.loginService()[pri:0, instance:com.pnc.mblapi.automation.api.Authentication@1efbd816]" name="loginService" class="com.pnc.mblapi.automation.api.Authentication"/>
        <method signature="DeviceEnrollmentServiceTest.verifyDeviceEnrollmentResponseStatus()[pri:0, instance:com.pnc.mblapi.automation.api.DeviceEnrollmentServiceTest@4de8b406]" name="verifyDeviceEnrollmentResponseStatus" class="com.pnc.mblapi.automation.api.DeviceEnrollmentServiceTest"/>
      </group> <!-- SmokeTest -->
    </groups>
    <test name="mblapitest" duration-ms="6128" started-at="2017-05-09T19:48:01Z" finished-at="2017-05-09T19:48:07Z">
      <class name="com.pnc.mblapi.automation.api.DeviceEnrollmentServiceTest">
        <test-method status="FAIL" signature="verifyDeviceEnrollmentResponseStatus()[pri:0, instance:com.pnc.mblapi.automation.api.DeviceEnrollmentServiceTest@4de8b406]" name="verifyDeviceEnrollmentResponseStatus" duration-ms="1" started-at="2017-05-09T15:48:07Z" finished-at="2017-05-09T15:48:07Z">
          <exception class="java.lang.NullPointerException">
            <full-stacktrace>
              <![CDATA[java.lang.NullPointerException
	at com.pnc.mblapi.automation.api.DeviceEnrollmentServiceTest.verifyDeviceEnrollmentResponseStatus(DeviceEnrollmentServiceTest.java:33)
	at sun.reflect.NativeMethodAccessorImpl.invoke0(Native Method)
	at sun.reflect.NativeMethodAccessorImpl.invoke(NativeMethodAccessorImpl.java:62)
	at sun.reflect.DelegatingMethodAccessorImpl.invoke(DelegatingMethodAccessorImpl.java:43)
	at java.lang.reflect.Method.invoke(Method.java:498)
	at org.testng.internal.MethodInvocationHelper.invokeMethod(MethodInvocationHelper.java:84)
	at org.testng.internal.Invoker.invokeMethod(Invoker.java:714)
	at org.testng.internal.Invoker.invokeTestMethod(Invoker.java:901)
	at org.testng.internal.Invoker.invokeTestMethods(Invoker.java:1231)
	at org.testng.internal.TestMethodWorker.invokeTestMethods(TestMethodWorker.java:127)
	at org.testng.internal.TestMethodWorker.run(TestMethodWorker.java:111)
	at org.testng.TestRunner.privateRun(TestRunner.java:767)
	at org.testng.TestRunner.run(TestRunner.java:617)
	at org.testng.SuiteRunner.runTest(SuiteRunner.java:334)
	at org.testng.SuiteRunner.runSequentially(SuiteRunner.java:329)
	at org.testng.SuiteRunner.privateRun(SuiteRunner.java:291)
	at org.testng.SuiteRunner.run(SuiteRunner.java:240)
	at org.testng.SuiteRunnerWorker.runSuite(SuiteRunnerWorker.java:52)
	at org.testng.SuiteRunnerWorker.run(SuiteRunnerWorker.java:86)
	at org.testng.TestNG.runSuitesSequentially(TestNG.java:1224)
	at org.testng.TestNG.runSuitesLocally(TestNG.java:1149)
	at org.testng.TestNG.run(TestNG.java:1057)
	at org.testng.IDEARemoteTestNG.run(IDEARemoteTestNG.java:72)
	at org.testng.RemoteTestNGStarter.main(RemoteTestNGStarter.java:127)
]]>
            </full-stacktrace>
          </exception> <!-- java.lang.NullPointerException -->
          <reporter-output>
          </reporter-output>
        </test-method> <!-- verifyDeviceEnrollmentResponseStatus -->
      </class> <!-- com.pnc.mblapi.automation.api.DeviceEnrollmentServiceTest -->
      <class name="com.pnc.mblapi.automation.api.Authentication">
        <test-method status="PASS" signature="loginService()[pri:0, instance:com.pnc.mblapi.automation.api.Authentication@1efbd816]" name="loginService" duration-ms="6110" started-at="2017-05-09T15:48:01Z" finished-at="2017-05-09T15:48:07Z">
          <reporter-output>
          </reporter-output>
        </test-method> <!-- loginService -->
      </class> <!-- com.pnc.mblapi.automation.api.Authentication -->
    </test> <!-- mblapitest -->
  </suite> <!-- Custom suite -->
</testng-results>
