<?xml version="1.0" encoding="UTF-8"?>
<!-- Generated by org.testng.reporters.JUnitXMLReporter -->
<testsuite hostname="IPLLOANER0319" name="mblapitest" tests="2" failures="1" timestamp="9 May 2017 19:48:07 GMT" time="6.128" errors="0">
  <testcase name="loginService" time="6.11" classname="com.pnc.mblapi.automation.api.Authentication"/>
  <testcase name="verifyDeviceEnrollmentResponseStatus" time="0.001" classname="com.pnc.mblapi.automation.api.DeviceEnrollmentServiceTest">
    <failure type="java.lang.NullPointerException">
      <![CDATA[java.lang.NullPointerException
	at com.pnc.mblapi.automation.api.DeviceEnrollmentServiceTest.verifyDeviceEnrollmentResponseStatus(DeviceEnrollmentServiceTest.java:33)
... Removed 23 stack frames]]>
    </failure>
  </testcase> <!-- verifyDeviceEnrollmentResponseStatus -->
</testsuite> <!-- mblapitest -->
