<?xml version="1.0" encoding="UTF-8"?>
<testsuite name="CardEnrollable"
           tests="2"
           failures="0"
           errors="0"
           skipped="0"
           time="15.300">
  <properties />
  
  
            <testcase name="verifyCardEnrollableResponseStatusCodeTest" time="15.293" classname="com.pnc.mblapi.automation.api.CardEnrollableTest" />
                <testcase name="verifyStatusOfResponse" time="0.007" classname="com.pnc.mblapi.automation.api.CardEnrollableTest" />
      
</testsuite>
