<?xml version="1.0" encoding="UTF-8"?>
<!-- Generated by org.testng.reporters.JUnitXMLReporter -->
<testsuite hostname="IPLLOANER0319" name="CardEnrollable" tests="2" failures="0" timestamp="5 May 2017 19:56:30 GMT" time="39.771" errors="0">
  <testcase name="verifyCardEnrollableResponseStatusCodeTest" time="36.504" classname="com.pnc.mblapi.automation.api.CardEnrollableTest"/>
  <testcase name="verifyStatusOfResponse" time="0.005" classname="com.pnc.mblapi.automation.api.CardEnrollableTest"/>
</testsuite> <!-- CardEnrollable -->
