<?xml version="1.0" encoding="UTF-8"?>
<!-- Generated by org.testng.reporters.JUnitXMLReporter -->
<testsuite hostname="IPLLOANER0319" name="CardEnrollable" tests="2" failures="0" timestamp="5 May 2017 21:46:30 GMT" time="14.68" errors="0">
  <testcase name="verifyCardEnrollableResponseStatusCodeTest" time="11.584" classname="com.pnc.mblapi.automation.api.CardEnrollableTest"/>
  <testcase name="verifyStatusOfResponse" time="0.002" classname="com.pnc.mblapi.automation.api.CardEnrollableTest"/>
</testsuite> <!-- CardEnrollable -->
